<?xml version="1.0" encoding="UTF-8"?>
<testsuite xmlns:xsi="http://www.w3.org/2001/XMLSchema-instance" xsi:noNamespaceSchemaLocation="https://maven.apache.org/surefire/maven-surefire-plugin/xsd/surefire-test-report-3.0.xsd" version="3.0" name="com.example.pruebaparacpanel.PruebaparacpanelApplicationTests" time="2.453" tests="1" errors="0" skipped="0" failures="0">
  <properties>
[...]
</properties>
  <testcase name="contextLoads" classname="com.example.pruebaparacpanel.PruebaparacpanelApplicationTests" time="0.87">
    <system-out><![CDATA[11:27:33.937 [main] INFO org.springframework.test.context.support.AnnotationConfigContextLoaderUtils -- Could not detect default configuration classes for test class [com.example.pruebaparacpanel.PruebaparacpanelApplicationTests]: PruebaparacpanelApplicationTests does not declare any static, non-private, non-final, nested classes annotated with @Configuration.
11:27:34.045 [main] INFO org.springframework.boot.test.context.SpringBootTestContextBootstrapper -- Found @SpringBootConfiguration com.example.pruebaparacpanel.PruebaparacpanelApplication for test class com.example.pruebaparacpanel.PruebaparacpanelApplicationTests

  .   ____          _            __ _ _
 /\\ / ___'_ __ _ _(_)_ __  __ _ \ \ \ \
( ( )\___ | '_ | '_| | '_ \/ _` | \ \ \ \
 \\/  ___)| |_)| | | | | || (_| |  ) ) ) )
  '  |____| .__|_| |_|_| |_\__, | / / / /
 =========|_|==============|___/=/_/_/_/

 :: Spring Boot ::                (v3.3.5)

2024-11-07T11:27:34.373+01:00  INFO 26292 --- [pruebaparacpanel] [           main] c.e.p.PruebaparacpanelApplicationTests   : Starting PruebaparacpanelApplicationTests using Java 19.0.2 with PID 26292 (started by Daniel Baladez in C:\proyectos\pruebaparacpanel)
2024-11-07T11:27:34.375+01:00  INFO 26292 --- [pruebaparacpanel] [           main] c.e.p.PruebaparacpanelApplicationTests   : No active profile set, falling back to 1 default profile: "default"
2024-11-07T11:27:35.347+01:00  INFO 26292 --- [pruebaparacpanel] [           main] c.e.p.PruebaparacpanelApplicationTests   : Started PruebaparacpanelApplicationTests in 1.182 seconds (process running for 2.004)
hola prueba
]]></system-out>
  </testcase>
</testsuite>